<?xml version="1.0" encoding="UTF-8"?>
<!-- Generated by org.testng.reporters.JUnitReportReporter -->
<testsuite name="Page.TestLIJHomepage" tests="1" time="13.848" ignored="0" failures="0" timestamp="03 Jan 2017 23:36:46 GMT" skipped="0" hostname="Test" errors="0">
  <testcase name="testLIJHomepage" time="13.848" classname="Page.TestLIJHomepage"/>
</testsuite> <!-- Page.TestLIJHomepage -->
