<?xml version="1.0" encoding="UTF-8"?>
<!-- Generated by org.testng.reporters.JUnitReportReporter -->
<testsuite name="Page.TestFacebookHomepage" tests="5" time="43.970" ignored="0" failures="0" timestamp="29 Jan 2017 17:47:22 GMT" skipped="0" hostname="MSI" errors="0">
  <testcase name="InputBirthday" time="11.751" classname="Page.TestFacebookHomepage"/>
  <testcase name="InputFirstName" time="9.332" classname="Page.TestFacebookHomepage"/>
  <testcase name="InputNewPass" time="7.132" classname="Page.TestFacebookHomepage"/>
  <testcase name="InputEmail" time="6.891" classname="Page.TestFacebookHomepage"/>
  <testcase name="InputLastName" time="8.864" classname="Page.TestFacebookHomepage"/>
</testsuite> <!-- Page.TestFacebookHomepage -->
