<?xml version="1.0" encoding="UTF-8"?>
<!-- Generated by org.testng.reporters.JUnitReportReporter -->
<testsuite name="Page.TestFacebookHomepage" tests="1" time="11.749" ignored="0" failures="0" timestamp="03 Jan 2017 23:36:29 GMT" skipped="0" hostname="Test" errors="0">
  <testcase name="testFacebookHomepage" time="11.749" classname="Page.TestFacebookHomepage"/>
</testsuite> <!-- Page.TestFacebookHomepage -->
