<?xml version="1.0" encoding="UTF-8"?>
<!-- Generated by org.testng.reporters.JUnitReportReporter -->
<testsuite name="Page.TestLoginPage" tests="1" time="17.145" ignored="0" failures="0" timestamp="29 Jan 2017 14:58:53 GMT" skipped="0" hostname="MSI" errors="0">
  <testcase name="InputID" time="17.145" classname="Page.TestLoginPage"/>
</testsuite> <!-- Page.TestLoginPage -->
