<?xml version="1.0" encoding="UTF-8"?>
<!-- Generated by org.testng.reporters.JUnitReportReporter -->
<testsuite name="Page.TestLandingPage" tests="1" time="12.854" ignored="0" failures="0" timestamp="29 Jan 2017 01:18:49 GMT" skipped="0" hostname="MSI" errors="0">
  <testcase name="InputID" time="12.854" classname="Page.TestLandingPage"/>
</testsuite> <!-- Page.TestLandingPage -->
