<?xml version="1.0" encoding="UTF-8"?>
<!-- Generated by org.testng.reporters.JUnitReportReporter -->
<testsuite name="Page.TestBestbuyHomepage" tests="1" time="20.635" ignored="0" failures="0" timestamp="03 Jan 2017 23:37:11 GMT" skipped="0" hostname="Test" errors="0">
  <testcase name="testBestbuyHomepage" time="20.635" classname="Page.TestBestbuyHomepage"/>
</testsuite> <!-- Page.TestBestbuyHomepage -->
