<?xml version="1.0" encoding="UTF-8"?>
<!-- Generated by org.testng.reporters.JUnitReportReporter -->
<testsuite name="Page.TestCitibankHomepage" tests="1" time="24.113" ignored="0" failures="0" timestamp="03 Jan 2017 23:36:13 GMT" skipped="0" hostname="Test" errors="0">
  <testcase name="testCitibankHomepage" time="24.113" classname="Page.TestCitibankHomepage"/>
</testsuite> <!-- Page.TestCitibankHomepage -->
